Library/Bee/Android/Prj/Mono2x/Gradle/unityLibrary/OneSignalConfig.plugin/build/intermediates/manifest_merge_blame_file/release/manifest-merger-blame-release-report.txt
1<?xml version="1.0" encoding="utf-8"?>
2<!--
3   WARNING: Do NOT Modify! Changes will be overwritten by the OneSignal plugin.
4            Make your changes to Assets/Plugins/Android/AndroidManifest.xml instead.
5-->
6<manifest xmlns:android="http://schemas.android.com/apk/res/android"
7    package="com.onesignal.onesignalsdk"
8    android:versionCode="1"
9    android:versionName="1.0" >
10
11    <uses-sdk
12        android:minSdkVersion="1"
12-->unityLibrary\OneSignalConfig.plugin\AndroidManifest.xml
13        android:targetSdkVersion="10" />
13-->unityLibrary\OneSignalConfig.plugin\AndroidManifest.xml
14
15</manifest>